2026-02-03 13:55:25 INFO  [ORDER_SAVE] orderId=A137 step=SUCCESS
2026-02-03 13:55:25 INFO  [ORDER_RECEIPT_SEND] orderId=A137 step=SUCCESS
2026-02-03 13:55:25 INFO  [ORDER_SAVE] orderId=A138 step=SUCCESS
2026-02-03 13:55:26 INFO  [ORDER_RECEIPT_SEND] orderId=A138 step=SUCCESS
2026-02-03 13:55:30 INFO  Shipment load event sent for orderId: A137
2026-02-03 13:55:30 INFO  Shipment load event sent for orderId: A138
2026-02-03 13:55:30 INFO  [ORDER_STATUS_UPDATE] orderId=A137 step=SUCCESS
2026-02-03 13:55:30 INFO  [ORDER_STATUS_UPDATE] orderId=A138 step=SUCCESS
2026-02-03 13:56:25 INFO  [ORDER_SAVE] orderId=A139 step=SUCCESS
2026-02-03 13:56:26 INFO  [ORDER_RECEIPT_SEND] orderId=A139 step=SUCCESS
2026-02-03 13:56:26 INFO  [ORDER_SAVE] orderId=A140 step=SUCCESS
2026-02-03 13:56:26 INFO  [ORDER_RECEIPT_SEND] orderId=A140 step=SUCCESS
2026-02-03 13:56:27 INFO  [ORDER_SAVE] orderId=A141 step=SUCCESS
2026-02-03 13:56:27 INFO  [ORDER_RECEIPT_SEND] orderId=A141 step=SUCCESS
2026-02-03 13:56:27 INFO  [ORDER_SAVE] orderId=A142 step=SUCCESS
2026-02-03 13:56:28 INFO  [ORDER_RECEIPT_SEND] orderId=A142 step=SUCCESS
2026-02-03 13:56:30 INFO  Shipment load event sent for orderId: A139
2026-02-03 13:56:30 INFO  Shipment load event sent for orderId: A140
2026-02-03 13:56:30 INFO  Shipment load event sent for orderId: A141
2026-02-03 13:56:30 INFO  Shipment load event sent for orderId: A142
2026-02-03 13:56:30 INFO  [ORDER_STATUS_UPDATE] orderId=A139 step=SUCCESS
2026-02-03 13:56:30 INFO  [ORDER_STATUS_UPDATE] orderId=A140 step=SUCCESS
2026-02-03 13:56:30 INFO  [ORDER_STATUS_UPDATE] orderId=A141 step=SUCCESS
2026-02-03 13:56:30 INFO  [ORDER_STATUS_UPDATE] orderId=A142 step=SUCCESS
2026-02-03 13:58:54 INFO  [ORDER_SAVE] orderId=A143 step=SUCCESS
2026-02-03 13:58:54 INFO  [ORDER_RECEIPT_SEND] orderId=A143 step=SUCCESS
2026-02-03 13:58:54 INFO  [ORDER_SAVE] orderId=A144 step=SUCCESS
2026-02-03 13:58:55 INFO  [ORDER_RECEIPT_SEND] orderId=A144 step=SUCCESS
2026-02-03 13:58:55 INFO  [ORDER_SAVE] orderId=A145 step=SUCCESS
2026-02-03 13:58:56 INFO  [ORDER_RECEIPT_SEND] orderId=A145 step=SUCCESS
2026-02-03 13:58:56 INFO  [ORDER_SAVE] orderId=A146 step=SUCCESS
2026-02-03 13:58:56 INFO  [ORDER_RECEIPT_SEND] orderId=A146 step=SUCCESS
2026-02-03 13:58:57 INFO  [ORDER_SAVE] orderId=A147 step=SUCCESS
2026-02-03 13:58:57 INFO  [ORDER_RECEIPT_SEND] orderId=A147 step=SUCCESS
2026-02-03 13:58:57 INFO  [ORDER_SAVE] orderId=A148 step=SUCCESS
2026-02-03 13:58:58 INFO  [ORDER_RECEIPT_SEND] orderId=A148 step=SUCCESS
2026-02-03 13:59:00 INFO  Shipment load event sent for orderId: A143
2026-02-03 13:59:00 INFO  Shipment load event sent for orderId: A144
2026-02-03 13:59:00 INFO  Shipment load event sent for orderId: A145
2026-02-03 13:59:00 INFO  Shipment load event sent for orderId: A146
2026-02-03 13:59:00 INFO  Shipment load event sent for orderId: A147
2026-02-03 13:59:00 INFO  Shipment load event sent for orderId: A148
2026-02-03 13:59:00 INFO  [ORDER_STATUS_UPDATE] orderId=A143 step=SUCCESS
2026-02-03 13:59:00 INFO  [ORDER_STATUS_UPDATE] orderId=A144 step=SUCCESS
2026-02-03 13:59:00 INFO  [ORDER_STATUS_UPDATE] orderId=A145 step=SUCCESS
2026-02-03 13:59:00 INFO  [ORDER_STATUS_UPDATE] orderId=A146 step=SUCCESS
2026-02-03 13:59:00 INFO  [ORDER_STATUS_UPDATE] orderId=A147 step=SUCCESS
2026-02-03 13:59:00 INFO  [ORDER_STATUS_UPDATE] orderId=A148 step=SUCCESS
2026-02-03 14:10:40 ERROR [ORDER_SAVE] step=VALIDATION_FAIL userId=USER17 reason=HEADER_NOT_FOUND
2026-02-03 14:10:49 ERROR [ORDER_SAVE] step=VALIDATION_FAIL userId=USER17 reason=HEADER_NOT_FOUND
2026-02-03 14:12:47 ERROR [ORDER_SAVE] step=VALIDATION_FAIL userId=USER17 reason=HEADER_NOT_FOUND
2026-02-03 14:13:33 ERROR [ORDER_SAVE] step=VALIDATION_FAIL userId=USER17 reason=HEADER_NOT_FOUND
2026-02-03 14:22:31 ERROR [ORDER_SAVE] step=VALIDATION_FAIL userId=USER17 reason=HEADER_NOT_FOUND
2026-02-03 14:22:37 ERROR [ORDER_SAVE] step=VALIDATION_FAIL userId=USER17 reason=HEADER_NOT_FOUND
2026-02-03 14:23:05 ERROR [ORDER_SAVE] step=VALIDATION_FAIL userId=USER17 reason=HEADER_NOT_FOUND
2026-02-03 14:23:40 ERROR [ORDER_SAVE] step=VALIDATION_FAIL userId=USER17 reason=HEADER_NOT_FOUND
2026-02-03 14:24:01 ERROR [ORDER_SAVE] step=VALIDATION_FAIL userId=USER17 reason=HEADER_NOT_FOUND
2026-02-03 14:24:29 ERROR [ORDER_SAVE] step=VALIDATION_FAIL userId=USER17 reason=HEADER_NOT_FOUND
2026-02-03 14:24:42 ERROR [ORDER_SAVE] step=VALIDATION_FAIL userId=USER17 reason=HEADER_NOT_FOUND
2026-02-03 14:29:14 ERROR [ORDER_SAVE] step=VALIDATION_FAIL userId=USER17 reason=HEADER_NOT_FOUND
2026-02-03 14:29:15 ERROR [ORDER_SAVE] step=VALIDATION_FAIL userId=USER17 reason=HEADER_NOT_FOUND
2026-02-03 14:41:58 INFO  [ORDER_SAVE] orderId=A149 step=SUCCESS
2026-02-03 14:41:58 INFO  [ORDER_RECEIPT_SEND] orderId=A149 step=SUCCESS
2026-02-03 14:41:58 INFO  [ORDER_SAVE] orderId=A150 step=SUCCESS
2026-02-03 14:41:58 INFO  [ORDER_RECEIPT_SEND] orderId=A150 step=SUCCESS
2026-02-03 14:41:58 INFO  [ORDER_SAVE] orderId=A151 step=SUCCESS
2026-02-03 14:41:59 INFO  [ORDER_RECEIPT_SEND] orderId=A151 step=SUCCESS
2026-02-03 14:41:59 INFO  [ORDER_SAVE] orderId=A152 step=SUCCESS
2026-02-03 14:41:59 INFO  [ORDER_RECEIPT_SEND] orderId=A152 step=SUCCESS
2026-02-03 14:41:59 INFO  [ORDER_SAVE] orderId=A153 step=SUCCESS
2026-02-03 14:42:00 INFO  [ORDER_RECEIPT_SEND] orderId=A153 step=SUCCESS
2026-02-03 14:42:00 ERROR [ORDER_SAVE] step=VALIDATION_FAIL userId=USER25 reason=HEADER_NOT_FOUND
2026-02-03 14:43:07 INFO  [ORDER_SAVE] orderId=A149 step=SUCCESS
2026-02-03 14:43:07 INFO  [ORDER_RECEIPT_SEND] orderId=A149 step=SUCCESS
2026-02-03 14:43:07 INFO  [ORDER_SAVE] orderId=A150 step=SUCCESS
2026-02-03 14:43:08 INFO  [ORDER_RECEIPT_SEND] orderId=A150 step=SUCCESS
2026-02-03 14:43:08 INFO  [ORDER_SAVE] orderId=A151 step=SUCCESS
2026-02-03 14:43:08 INFO  [ORDER_RECEIPT_SEND] orderId=A151 step=SUCCESS
2026-02-03 14:43:08 INFO  [ORDER_SAVE] orderId=A152 step=SUCCESS
2026-02-03 14:43:09 INFO  [ORDER_RECEIPT_SEND] orderId=A152 step=SUCCESS
2026-02-03 14:43:09 INFO  [ORDER_SAVE] orderId=A153 step=SUCCESS
2026-02-03 14:43:09 INFO  [ORDER_RECEIPT_SEND] orderId=A153 step=SUCCESS
2026-02-03 14:43:09 ERROR [ORDER_SAVE] step=VALIDATION_FAIL userId=USER25 reason=HEADER_NOT_FOUND
2026-02-03 14:49:28 INFO  [ORDER_SAVE] orderId=A149 step=SUCCESS
2026-02-03 14:49:29 INFO  [ORDER_RECEIPT_SEND] orderId=A149 step=SUCCESS
2026-02-03 14:49:29 INFO  [ORDER_SAVE] orderId=A150 step=SUCCESS
2026-02-03 14:49:29 INFO  [ORDER_RECEIPT_SEND] orderId=A150 step=SUCCESS
2026-02-03 14:49:29 INFO  [ORDER_SAVE] orderId=A151 step=SUCCESS
2026-02-03 14:49:29 INFO  [ORDER_RECEIPT_SEND] orderId=A151 step=SUCCESS
2026-02-03 14:49:29 INFO  [ORDER_SAVE] orderId=A152 step=SUCCESS
2026-02-03 14:49:30 INFO  [ORDER_RECEIPT_SEND] orderId=A152 step=SUCCESS
2026-02-03 14:49:30 INFO  [ORDER_SAVE] orderId=A153 step=SUCCESS
2026-02-03 14:49:30 INFO  [ORDER_RECEIPT_SEND] orderId=A153 step=SUCCESS
2026-02-03 14:49:30 ERROR [ORDER_SAVE] step=VALIDATION_FAIL userId=USER25 reason=HEADER_NOT_FOUND
2026-02-03 14:49:30 ERROR [ORDER_SAVE] step=VALIDATION_FAIL userId=USER22 reason=HEADER_NOT_FOUND
2026-02-03 14:49:30 INFO  [ORDER_SAVE] orderId=A154 step=SUCCESS
2026-02-03 14:49:31 INFO  [ORDER_RECEIPT_SEND] orderId=A154 step=SUCCESS
2026-02-03 14:49:31 INFO  [ORDER_SAVE] orderId=A155 step=SUCCESS
2026-02-03 14:49:31 INFO  [ORDER_RECEIPT_SEND] orderId=A155 step=SUCCESS
2026-02-03 14:49:31 INFO  [ORDER_SAVE] orderId=A156 step=SUCCESS
2026-02-03 14:49:32 INFO  [ORDER_RECEIPT_SEND] orderId=A156 step=SUCCESS
2026-02-03 14:49:32 INFO  [ORDER_SAVE] orderId=A157 step=SUCCESS
2026-02-03 14:49:32 INFO  [ORDER_RECEIPT_SEND] orderId=A157 step=SUCCESS
2026-02-03 14:49:32 INFO  [ORDER_SAVE] orderId=A158 step=SUCCESS
2026-02-03 14:49:33 INFO  [ORDER_RECEIPT_SEND] orderId=A158 step=SUCCESS
2026-02-03 14:49:33 INFO  [ORDER_SAVE] orderId=A159 step=SUCCESS
2026-02-03 14:49:33 INFO  [ORDER_RECEIPT_SEND] orderId=A159 step=SUCCESS
2026-02-03 14:49:33 INFO  [ORDER_SAVE] orderId=A160 step=SUCCESS
2026-02-03 14:49:33 INFO  [ORDER_RECEIPT_SEND] orderId=A160 step=SUCCESS
2026-02-03 14:49:33 ERROR [ORDER_SAVE] step=VALIDATION_FAIL userId=USER26 reason=HEADER_NOT_FOUND
2026-02-03 14:49:33 INFO  [ORDER_SAVE] orderId=A161 step=SUCCESS
2026-02-03 14:49:34 INFO  [ORDER_RECEIPT_SEND] orderId=A161 step=SUCCESS
2026-02-03 14:49:34 INFO  [ORDER_SAVE] orderId=A162 step=SUCCESS
2026-02-03 14:49:34 INFO  [ORDER_RECEIPT_SEND] orderId=A162 step=SUCCESS
2026-02-03 14:49:34 INFO  [ORDER_SAVE] orderId=A163 step=SUCCESS
2026-02-03 14:49:35 INFO  [ORDER_RECEIPT_SEND] orderId=A163 step=SUCCESS
2026-02-03 14:49:35 INFO  [ORDER_SAVE] orderId=A164 step=SUCCESS
2026-02-03 14:49:35 INFO  [ORDER_RECEIPT_SEND] orderId=A164 step=SUCCESS
2026-02-03 14:49:35 INFO  [ORDER_SAVE] orderId=A165 step=SUCCESS
2026-02-03 14:49:36 INFO  [ORDER_RECEIPT_SEND] orderId=A165 step=SUCCESS
2026-02-03 14:49:36 INFO  [ORDER_SAVE] orderId=A166 step=SUCCESS
2026-02-03 14:49:36 INFO  [ORDER_RECEIPT_SEND] orderId=A166 step=SUCCESS
2026-02-03 14:49:36 ERROR [ORDER_SAVE] step=VALIDATION_FAIL userId=USER21 reason=HEADER_NOT_FOUND
2026-02-03 14:49:36 ERROR [ORDER_SAVE] step=VALIDATION_FAIL userId=USER24 reason=HEADER_NOT_FOUND
2026-02-03 14:49:36 INFO  [ORDER_SAVE] orderId=A167 step=SUCCESS
2026-02-03 14:49:36 INFO  [ORDER_RECEIPT_SEND] orderId=A167 step=SUCCESS
2026-02-03 14:49:36 INFO  [ORDER_SAVE] orderId=A168 step=SUCCESS
2026-02-03 14:49:37 INFO  [ORDER_RECEIPT_SEND] orderId=A168 step=SUCCESS
2026-02-03 14:49:37 INFO  [ORDER_SAVE] orderId=A169 step=SUCCESS
2026-02-03 14:49:37 INFO  [ORDER_RECEIPT_SEND] orderId=A169 step=SUCCESS
2026-02-03 14:49:37 INFO  [ORDER_SAVE] orderId=A170 step=SUCCESS
2026-02-03 14:49:38 INFO  [ORDER_RECEIPT_SEND] orderId=A170 step=SUCCESS
2026-02-03 14:49:38 INFO  [ORDER_SAVE] orderId=A171 step=SUCCESS
2026-02-03 14:49:38 INFO  [ORDER_RECEIPT_SEND] orderId=A171 step=SUCCESS
2026-02-03 14:49:38 INFO  [ORDER_SAVE] orderId=A172 step=SUCCESS
2026-02-03 14:49:39 INFO  [ORDER_RECEIPT_SEND] orderId=A172 step=SUCCESS
2026-02-03 14:49:39 INFO  [ORDER_SAVE] orderId=A173 step=SUCCESS
2026-02-03 14:49:39 INFO  [ORDER_RECEIPT_SEND] orderId=A173 step=SUCCESS
2026-02-03 14:49:39 INFO  [ORDER_SAVE] orderId=A174 step=SUCCESS
2026-02-03 14:49:40 INFO  [ORDER_RECEIPT_SEND] orderId=A174 step=SUCCESS
2026-02-03 14:49:40 INFO  [ORDER_SAVE] orderId=A175 step=SUCCESS
2026-02-03 14:49:40 INFO  [ORDER_RECEIPT_SEND] orderId=A175 step=SUCCESS
2026-02-03 14:49:40 ERROR [ORDER_SAVE] step=VALIDATION_FAIL userId=USER23 reason=HEADER_NOT_FOUND
2026-02-03 14:49:40 INFO  [ORDER_SAVE] orderId=A176 step=SUCCESS
2026-02-03 14:49:40 INFO  [ORDER_RECEIPT_SEND] orderId=A176 step=SUCCESS
2026-02-03 14:49:40 INFO  [ORDER_SAVE] orderId=A177 step=SUCCESS
2026-02-03 14:49:41 INFO  [ORDER_RECEIPT_SEND] orderId=A177 step=SUCCESS
2026-02-03 14:49:41 INFO  [ORDER_SAVE] orderId=A178 step=SUCCESS
2026-02-03 14:49:41 INFO  [ORDER_RECEIPT_SEND] orderId=A178 step=SUCCESS
2026-02-03 14:49:41 INFO  [ORDER_SAVE] orderId=A179 step=SUCCESS
2026-02-03 14:49:42 INFO  [ORDER_RECEIPT_SEND] orderId=A179 step=SUCCESS
2026-02-03 14:49:42 INFO  [ORDER_SAVE] orderId=A180 step=SUCCESS
2026-02-03 14:49:42 INFO  [ORDER_RECEIPT_SEND] orderId=A180 step=SUCCESS
2026-02-03 14:49:42 INFO  [ORDER_SAVE] orderId=A181 step=SUCCESS
2026-02-03 14:49:43 INFO  [ORDER_RECEIPT_SEND] orderId=A181 step=SUCCESS
2026-02-03 14:49:43 INFO  [ORDER_SAVE] orderId=A182 step=SUCCESS
2026-02-03 14:49:43 INFO  [ORDER_RECEIPT_SEND] orderId=A182 step=SUCCESS
2026-02-03 14:49:43 INFO  [ORDER_SAVE] orderId=A183 step=SUCCESS
2026-02-03 14:49:44 INFO  [ORDER_RECEIPT_SEND] orderId=A183 step=SUCCESS
2026-02-03 14:49:44 INFO  [ORDER_SAVE] orderId=A184 step=SUCCESS
2026-02-03 14:49:44 INFO  [ORDER_RECEIPT_SEND] orderId=A184 step=SUCCESS
2026-02-03 14:49:44 INFO  [ORDER_SAVE] orderId=A185 step=SUCCESS
2026-02-03 14:49:44 INFO  [ORDER_RECEIPT_SEND] orderId=A185 step=SUCCESS
2026-02-03 14:49:44 INFO  [ORDER_SAVE] orderId=A186 step=SUCCESS
2026-02-03 14:49:45 INFO  [ORDER_RECEIPT_SEND] orderId=A186 step=SUCCESS
2026-02-03 14:49:45 INFO  [ORDER_SAVE] orderId=A187 step=SUCCESS
2026-02-03 14:49:45 INFO  [ORDER_RECEIPT_SEND] orderId=A187 step=SUCCESS
2026-02-03 14:49:45 INFO  [ORDER_SAVE] orderId=A188 step=SUCCESS
2026-02-03 14:49:46 INFO  [ORDER_RECEIPT_SEND] orderId=A188 step=SUCCESS
2026-02-03 14:49:46 INFO  [ORDER_SAVE] orderId=A189 step=SUCCESS
2026-02-03 14:49:46 INFO  [ORDER_RECEIPT_SEND] orderId=A189 step=SUCCESS
2026-02-03 14:49:46 INFO  [ORDER_SAVE] orderId=A190 step=SUCCESS
2026-02-03 14:49:47 INFO  [ORDER_RECEIPT_SEND] orderId=A190 step=SUCCESS
2026-02-03 14:49:47 INFO  [ORDER_SAVE] orderId=A191 step=SUCCESS
2026-02-03 14:49:47 INFO  [ORDER_RECEIPT_SEND] orderId=A191 step=SUCCESS
2026-02-03 14:49:47 INFO  [ORDER_SAVE] orderId=A192 step=SUCCESS
2026-02-03 14:49:48 INFO  [ORDER_RECEIPT_SEND] orderId=A192 step=SUCCESS
2026-02-03 14:49:50 INFO  Shipment load event sent for orderId: A149
2026-02-03 14:49:50 INFO  Shipment load event sent for orderId: A150
2026-02-03 14:49:50 INFO  Shipment load event sent for orderId: A151
2026-02-03 14:49:50 INFO  Shipment load event sent for orderId: A152
2026-02-03 14:49:50 INFO  Shipment load event sent for orderId: A153
2026-02-03 14:49:50 INFO  Shipment load event sent for orderId: A154
2026-02-03 14:49:50 INFO  Shipment load event sent for orderId: A155
2026-02-03 14:49:50 INFO  Shipment load event sent for orderId: A156
2026-02-03 14:49:50 INFO  Shipment load event sent for orderId: A157
2026-02-03 14:49:50 INFO  Shipment load event sent for orderId: A158
2026-02-03 14:49:50 INFO  Shipment load event sent for orderId: A159
2026-02-03 14:49:50 INFO  Shipment load event sent for orderId: A160
2026-02-03 14:49:50 INFO  Shipment load event sent for orderId: A161
2026-02-03 14:49:50 INFO  Shipment load event sent for orderId: A162
2026-02-03 14:49:50 INFO  Shipment load event sent for orderId: A163
2026-02-03 14:49:50 INFO  Shipment load event sent for orderId: A164
2026-02-03 14:49:50 INFO  Shipment load event sent for orderId: A165
2026-02-03 14:49:50 INFO  Shipment load event sent for orderId: A166
2026-02-03 14:49:50 INFO  Shipment load event sent for orderId: A167
2026-02-03 14:49:50 INFO  Shipment load event sent for orderId: A168
2026-02-03 14:49:50 INFO  Shipment load event sent for orderId: A169
2026-02-03 14:49:50 INFO  Shipment load event sent for orderId: A170
2026-02-03 14:49:50 INFO  Shipment load event sent for orderId: A171
2026-02-03 14:49:50 INFO  Shipment load event sent for orderId: A172
2026-02-03 14:49:50 INFO  Shipment load event sent for orderId: A173
2026-02-03 14:49:50 INFO  Shipment load event sent for orderId: A174
2026-02-03 14:49:50 INFO  Shipment load event sent for orderId: A175
2026-02-03 14:49:50 INFO  Shipment load event sent for orderId: A176
2026-02-03 14:49:50 INFO  Shipment load event sent for orderId: A177
2026-02-03 14:49:50 INFO  Shipment load event sent for orderId: A178
2026-02-03 14:49:50 INFO  Shipment load event sent for orderId: A179
2026-02-03 14:49:50 INFO  Shipment load event sent for orderId: A180
2026-02-03 14:49:50 INFO  Shipment load event sent for orderId: A181
2026-02-03 14:49:50 INFO  Shipment load event sent for orderId: A182
2026-02-03 14:49:50 INFO  Shipment load event sent for orderId: A183
2026-02-03 14:49:50 INFO  Shipment load event sent for orderId: A184
2026-02-03 14:49:50 INFO  Shipment load event sent for orderId: A185
2026-02-03 14:49:50 INFO  Shipment load event sent for orderId: A186
2026-02-03 14:49:50 INFO  Shipment load event sent for orderId: A187
2026-02-03 14:49:50 INFO  Shipment load event sent for orderId: A188
2026-02-03 14:49:50 INFO  Shipment load event sent for orderId: A189
2026-02-03 14:49:50 INFO  Shipment load event sent for orderId: A190
2026-02-03 14:49:50 INFO  Shipment load event sent for orderId: A191
2026-02-03 14:49:50 INFO  Shipment load event sent for orderId: A192
2026-02-03 14:49:50 INFO  [ORDER_STATUS_UPDATE] orderId=A149 step=SUCCESS
2026-02-03 14:49:50 INFO  [ORDER_STATUS_UPDATE] orderId=A150 step=SUCCESS
2026-02-03 14:49:50 INFO  [ORDER_STATUS_UPDATE] orderId=A151 step=SUCCESS
2026-02-03 14:49:50 INFO  [ORDER_STATUS_UPDATE] orderId=A152 step=SUCCESS
2026-02-03 14:49:50 INFO  [ORDER_STATUS_UPDATE] orderId=A153 step=SUCCESS
2026-02-03 14:49:50 INFO  [ORDER_STATUS_UPDATE] orderId=A154 step=SUCCESS
2026-02-03 14:49:50 INFO  [ORDER_STATUS_UPDATE] orderId=A155 step=SUCCESS
2026-02-03 14:49:50 INFO  [ORDER_STATUS_UPDATE] orderId=A156 step=SUCCESS
2026-02-03 14:49:50 INFO  [ORDER_STATUS_UPDATE] orderId=A157 step=SUCCESS
2026-02-03 14:49:50 INFO  [ORDER_STATUS_UPDATE] orderId=A158 step=SUCCESS
2026-02-03 14:49:50 INFO  [ORDER_STATUS_UPDATE] orderId=A159 step=SUCCESS
2026-02-03 14:49:50 INFO  [ORDER_STATUS_UPDATE] orderId=A160 step=SUCCESS
2026-02-03 14:49:50 INFO  [ORDER_STATUS_UPDATE] orderId=A161 step=SUCCESS
2026-02-03 14:49:50 INFO  [ORDER_STATUS_UPDATE] orderId=A162 step=SUCCESS
2026-02-03 14:49:50 INFO  [ORDER_STATUS_UPDATE] orderId=A163 step=SUCCESS
2026-02-03 14:49:50 INFO  [ORDER_STATUS_UPDATE] orderId=A164 step=SUCCESS
2026-02-03 14:49:50 INFO  [ORDER_STATUS_UPDATE] orderId=A165 step=SUCCESS
2026-02-03 14:49:50 INFO  [ORDER_STATUS_UPDATE] orderId=A166 step=SUCCESS
2026-02-03 14:49:50 INFO  [ORDER_STATUS_UPDATE] orderId=A167 step=SUCCESS
2026-02-03 14:49:50 INFO  [ORDER_STATUS_UPDATE] orderId=A168 step=SUCCESS
2026-02-03 14:49:50 INFO  [ORDER_STATUS_UPDATE] orderId=A169 step=SUCCESS
2026-02-03 14:49:50 INFO  [ORDER_STATUS_UPDATE] orderId=A170 step=SUCCESS
2026-02-03 14:49:50 INFO  [ORDER_STATUS_UPDATE] orderId=A171 step=SUCCESS
2026-02-03 14:49:50 INFO  [ORDER_STATUS_UPDATE] orderId=A172 step=SUCCESS
2026-02-03 14:49:50 INFO  [ORDER_STATUS_UPDATE] orderId=A173 step=SUCCESS
2026-02-03 14:49:50 INFO  [ORDER_STATUS_UPDATE] orderId=A174 step=SUCCESS
2026-02-03 14:49:50 INFO  [ORDER_STATUS_UPDATE] orderId=A175 step=SUCCESS
2026-02-03 14:49:50 INFO  [ORDER_STATUS_UPDATE] orderId=A176 step=SUCCESS
2026-02-03 14:49:50 INFO  [ORDER_STATUS_UPDATE] orderId=A177 step=SUCCESS
2026-02-03 14:49:50 INFO  [ORDER_STATUS_UPDATE] orderId=A178 step=SUCCESS
2026-02-03 14:49:50 INFO  [ORDER_STATUS_UPDATE] orderId=A179 step=SUCCESS
2026-02-03 14:49:50 INFO  [ORDER_STATUS_UPDATE] orderId=A180 step=SUCCESS
2026-02-03 14:49:50 INFO  [ORDER_STATUS_UPDATE] orderId=A181 step=SUCCESS
2026-02-03 14:49:50 INFO  [ORDER_STATUS_UPDATE] orderId=A182 step=SUCCESS
2026-02-03 14:49:50 INFO  [ORDER_STATUS_UPDATE] orderId=A183 step=SUCCESS
2026-02-03 14:49:50 INFO  [ORDER_STATUS_UPDATE] orderId=A184 step=SUCCESS
2026-02-03 14:49:50 INFO  [ORDER_STATUS_UPDATE] orderId=A185 step=SUCCESS
2026-02-03 14:49:50 INFO  [ORDER_STATUS_UPDATE] orderId=A186 step=SUCCESS
2026-02-03 14:49:50 INFO  [ORDER_STATUS_UPDATE] orderId=A187 step=SUCCESS
2026-02-03 14:49:50 INFO  [ORDER_STATUS_UPDATE] orderId=A188 step=SUCCESS
2026-02-03 14:49:50 INFO  [ORDER_STATUS_UPDATE] orderId=A189 step=SUCCESS
2026-02-03 14:49:50 INFO  [ORDER_STATUS_UPDATE] orderId=A190 step=SUCCESS
2026-02-03 14:49:50 INFO  [ORDER_STATUS_UPDATE] orderId=A191 step=SUCCESS
2026-02-03 14:49:50 INFO  [ORDER_STATUS_UPDATE] orderId=A192 step=SUCCESS
2026-02-03 14:57:09 INFO  [ORDER_SAVE] orderId=A193 step=SUCCESS
2026-02-03 14:57:09 INFO  [ORDER_RECEIPT_SEND] orderId=A193 step=SUCCESS
2026-02-03 14:57:09 INFO  [ORDER_SAVE] orderId=A194 step=SUCCESS
2026-02-03 14:57:10 INFO  [ORDER_RECEIPT_SEND] orderId=A194 step=SUCCESS
2026-02-03 14:57:10 INFO  [ORDER_SAVE] orderId=A195 step=SUCCESS
2026-02-03 14:57:10 INFO  [ORDER_RECEIPT_SEND] orderId=A195 step=SUCCESS
2026-02-03 14:57:10 INFO  [ORDER_SAVE] orderId=A196 step=SUCCESS
2026-02-03 14:57:10 INFO  [ORDER_RECEIPT_SEND] orderId=A196 step=SUCCESS
2026-02-03 14:57:11 INFO  [ORDER_SAVE] orderId=A197 step=SUCCESS
2026-02-03 14:57:11 INFO  [ORDER_RECEIPT_SEND] orderId=A197 step=SUCCESS
2026-02-03 14:57:11 ERROR [ORDER_SAVE] step=VALIDATION_FAIL userId=USER25 reason=HEADER_NOT_FOUND
2026-02-03 14:57:11 ERROR [ORDER_SAVE] step=VALIDATION_FAIL userId=USER22 reason=HEADER_NOT_FOUND
2026-02-03 14:57:11 INFO  [ORDER_SAVE] orderId=A198 step=SUCCESS
2026-02-03 14:57:11 INFO  [ORDER_RECEIPT_SEND] orderId=A198 step=SUCCESS
2026-02-03 14:57:11 INFO  [ORDER_SAVE] orderId=A199 step=SUCCESS
2026-02-03 14:57:12 INFO  [ORDER_RECEIPT_SEND] orderId=A199 step=SUCCESS
2026-02-03 14:57:12 INFO  [ORDER_SAVE] orderId=A200 step=SUCCESS
2026-02-03 14:57:12 INFO  [ORDER_RECEIPT_SEND] orderId=A200 step=SUCCESS
2026-02-03 14:57:12 INFO  [ORDER_SAVE] orderId=A201 step=SUCCESS
2026-02-03 14:57:13 INFO  [ORDER_RECEIPT_SEND] orderId=A201 step=SUCCESS
2026-02-03 14:57:13 INFO  [ORDER_SAVE] orderId=A202 step=SUCCESS
2026-02-03 14:57:13 INFO  [ORDER_RECEIPT_SEND] orderId=A202 step=SUCCESS
2026-02-03 14:57:13 INFO  [ORDER_SAVE] orderId=A203 step=SUCCESS
2026-02-03 14:57:14 INFO  [ORDER_RECEIPT_SEND] orderId=A203 step=SUCCESS
2026-02-03 14:57:14 INFO  [ORDER_SAVE] orderId=A204 step=SUCCESS
2026-02-03 14:57:14 INFO  [ORDER_RECEIPT_SEND] orderId=A204 step=SUCCESS
2026-02-03 14:57:14 ERROR [ORDER_SAVE] step=VALIDATION_FAIL userId=USER26 reason=HEADER_NOT_FOUND
2026-02-03 14:57:14 INFO  [ORDER_SAVE] orderId=A205 step=SUCCESS
2026-02-03 14:57:15 INFO  [ORDER_RECEIPT_SEND] orderId=A205 step=SUCCESS
2026-02-03 14:57:15 INFO  [ORDER_SAVE] orderId=A206 step=SUCCESS
2026-02-03 14:57:15 INFO  [ORDER_RECEIPT_SEND] orderId=A206 step=SUCCESS
2026-02-03 14:57:15 INFO  [ORDER_SAVE] orderId=A207 step=SUCCESS
2026-02-03 14:57:15 INFO  [ORDER_RECEIPT_SEND] orderId=A207 step=SUCCESS
2026-02-03 14:57:15 INFO  [ORDER_SAVE] orderId=A208 step=SUCCESS
2026-02-03 14:57:16 INFO  [ORDER_RECEIPT_SEND] orderId=A208 step=SUCCESS
2026-02-03 14:57:16 INFO  [ORDER_SAVE] orderId=A209 step=SUCCESS
2026-02-03 14:57:16 INFO  [ORDER_RECEIPT_SEND] orderId=A209 step=SUCCESS
2026-02-03 14:57:16 INFO  [ORDER_SAVE] orderId=A210 step=SUCCESS
2026-02-03 14:57:17 INFO  [ORDER_RECEIPT_SEND] orderId=A210 step=SUCCESS
2026-02-03 14:57:17 ERROR [ORDER_SAVE] step=VALIDATION_FAIL userId=USER21 reason=HEADER_NOT_FOUND
2026-02-03 14:57:17 ERROR [ORDER_SAVE] step=VALIDATION_FAIL userId=USER24 reason=HEADER_NOT_FOUND
2026-02-03 14:57:17 INFO  [ORDER_SAVE] orderId=A211 step=SUCCESS
2026-02-03 14:57:17 INFO  [ORDER_RECEIPT_SEND] orderId=A211 step=SUCCESS
2026-02-03 14:57:17 INFO  [ORDER_SAVE] orderId=A212 step=SUCCESS
2026-02-03 14:57:18 INFO  [ORDER_RECEIPT_SEND] orderId=A212 step=SUCCESS
2026-02-03 14:57:18 INFO  [ORDER_SAVE] orderId=A213 step=SUCCESS
2026-02-03 14:57:18 INFO  [ORDER_RECEIPT_SEND] orderId=A213 step=SUCCESS
2026-02-03 14:57:18 INFO  [ORDER_SAVE] orderId=A214 step=SUCCESS
2026-02-03 14:57:18 INFO  [ORDER_RECEIPT_SEND] orderId=A214 step=SUCCESS
2026-02-03 14:57:18 INFO  [ORDER_SAVE] orderId=A215 step=SUCCESS
2026-02-03 14:57:19 INFO  [ORDER_RECEIPT_SEND] orderId=A215 step=SUCCESS
2026-02-03 14:57:19 INFO  [ORDER_SAVE] orderId=A216 step=SUCCESS
2026-02-03 14:57:19 INFO  [ORDER_RECEIPT_SEND] orderId=A216 step=SUCCESS
2026-02-03 14:57:19 INFO  [ORDER_SAVE] orderId=A217 step=SUCCESS
2026-02-03 14:57:20 INFO  [ORDER_RECEIPT_SEND] orderId=A217 step=SUCCESS
2026-02-03 14:57:20 INFO  [ORDER_SAVE] orderId=A218 step=SUCCESS
2026-02-03 14:57:20 INFO  [ORDER_RECEIPT_SEND] orderId=A218 step=SUCCESS
2026-02-03 14:57:20 INFO  [ORDER_SAVE] orderId=A219 step=SUCCESS
2026-02-03 14:57:21 INFO  [ORDER_RECEIPT_SEND] orderId=A219 step=SUCCESS
2026-02-03 14:57:21 ERROR [ORDER_SAVE] step=VALIDATION_FAIL userId=USER23 reason=HEADER_NOT_FOUND
2026-02-03 14:57:21 INFO  [ORDER_SAVE] orderId=A220 step=SUCCESS
2026-02-03 14:57:21 INFO  [ORDER_RECEIPT_SEND] orderId=A220 step=SUCCESS
2026-02-03 14:57:21 INFO  [ORDER_SAVE] orderId=A221 step=SUCCESS
2026-02-03 14:57:21 INFO  [ORDER_RECEIPT_SEND] orderId=A221 step=SUCCESS
2026-02-03 14:57:21 INFO  [ORDER_SAVE] orderId=A222 step=SUCCESS
2026-02-03 14:57:22 INFO  [ORDER_RECEIPT_SEND] orderId=A222 step=SUCCESS
2026-02-03 14:57:22 INFO  [ORDER_SAVE] orderId=A223 step=SUCCESS
2026-02-03 14:57:22 INFO  [ORDER_RECEIPT_SEND] orderId=A223 step=SUCCESS
2026-02-03 14:57:22 INFO  [ORDER_SAVE] orderId=A224 step=SUCCESS
2026-02-03 14:57:23 INFO  [ORDER_RECEIPT_SEND] orderId=A224 step=SUCCESS
2026-02-03 14:57:23 INFO  [ORDER_SAVE] orderId=A225 step=SUCCESS
2026-02-03 14:57:23 INFO  [ORDER_RECEIPT_SEND] orderId=A225 step=SUCCESS
2026-02-03 14:57:23 INFO  [ORDER_SAVE] orderId=A226 step=SUCCESS
2026-02-03 14:57:23 INFO  [ORDER_RECEIPT_SEND] orderId=A226 step=SUCCESS
2026-02-03 14:57:23 INFO  [ORDER_SAVE] orderId=A227 step=SUCCESS
2026-02-03 14:57:24 INFO  [ORDER_RECEIPT_SEND] orderId=A227 step=SUCCESS
2026-02-03 14:57:24 INFO  [ORDER_SAVE] orderId=A228 step=SUCCESS
2026-02-03 14:57:24 INFO  [ORDER_RECEIPT_SEND] orderId=A228 step=SUCCESS
2026-02-03 14:57:24 INFO  [ORDER_SAVE] orderId=A229 step=SUCCESS
2026-02-03 14:57:25 INFO  [ORDER_RECEIPT_SEND] orderId=A229 step=SUCCESS
2026-02-03 14:57:25 INFO  [ORDER_SAVE] orderId=A230 step=SUCCESS
2026-02-03 14:57:25 INFO  [ORDER_RECEIPT_SEND] orderId=A230 step=SUCCESS
2026-02-03 14:57:25 INFO  [ORDER_SAVE] orderId=A231 step=SUCCESS
2026-02-03 14:57:26 INFO  [ORDER_RECEIPT_SEND] orderId=A231 step=SUCCESS
2026-02-03 14:57:26 INFO  [ORDER_SAVE] orderId=A232 step=SUCCESS
2026-02-03 14:57:26 INFO  [ORDER_RECEIPT_SEND] orderId=A232 step=SUCCESS
2026-02-03 14:57:26 INFO  [ORDER_SAVE] orderId=A233 step=SUCCESS
2026-02-03 14:57:26 INFO  [ORDER_RECEIPT_SEND] orderId=A233 step=SUCCESS
2026-02-03 14:57:26 INFO  [ORDER_SAVE] orderId=A234 step=SUCCESS
2026-02-03 14:57:27 INFO  [ORDER_RECEIPT_SEND] orderId=A234 step=SUCCESS
2026-02-03 14:57:27 INFO  [ORDER_SAVE] orderId=A235 step=SUCCESS
2026-02-03 14:57:27 INFO  [ORDER_RECEIPT_SEND] orderId=A235 step=SUCCESS
2026-02-03 14:57:27 INFO  [ORDER_SAVE] orderId=A236 step=SUCCESS
2026-02-03 14:57:28 INFO  [ORDER_RECEIPT_SEND] orderId=A236 step=SUCCESS
2026-02-03 14:57:30 INFO  Shipment load event sent for orderId: A193
2026-02-03 14:57:30 INFO  Shipment load event sent for orderId: A194
2026-02-03 14:57:30 INFO  Shipment load event sent for orderId: A195
2026-02-03 14:57:30 INFO  Shipment load event sent for orderId: A196
2026-02-03 14:57:30 INFO  Shipment load event sent for orderId: A197
2026-02-03 14:57:30 INFO  Shipment load event sent for orderId: A198
2026-02-03 14:57:30 INFO  Shipment load event sent for orderId: A199
2026-02-03 14:57:30 INFO  Shipment load event sent for orderId: A200
2026-02-03 14:57:30 INFO  Shipment load event sent for orderId: A201
2026-02-03 14:57:30 INFO  Shipment load event sent for orderId: A202
2026-02-03 14:57:30 INFO  Shipment load event sent for orderId: A203
2026-02-03 14:57:30 INFO  Shipment load event sent for orderId: A204
2026-02-03 14:57:30 INFO  Shipment load event sent for orderId: A205
2026-02-03 14:57:30 INFO  Shipment load event sent for orderId: A206
2026-02-03 14:57:30 INFO  Shipment load event sent for orderId: A207
2026-02-03 14:57:30 INFO  Shipment load event sent for orderId: A208
2026-02-03 14:57:30 INFO  Shipment load event sent for orderId: A209
2026-02-03 14:57:30 INFO  Shipment load event sent for orderId: A210
2026-02-03 14:57:30 INFO  Shipment load event sent for orderId: A211
2026-02-03 14:57:30 INFO  Shipment load event sent for orderId: A212
2026-02-03 14:57:30 INFO  Shipment load event sent for orderId: A213
2026-02-03 14:57:30 INFO  Shipment load event sent for orderId: A214
2026-02-03 14:57:30 INFO  Shipment load event sent for orderId: A215
2026-02-03 14:57:30 INFO  Shipment load event sent for orderId: A216
2026-02-03 14:57:30 INFO  Shipment load event sent for orderId: A217
2026-02-03 14:57:30 INFO  Shipment load event sent for orderId: A218
2026-02-03 14:57:30 INFO  Shipment load event sent for orderId: A219
2026-02-03 14:57:30 INFO  Shipment load event sent for orderId: A220
2026-02-03 14:57:30 INFO  Shipment load event sent for orderId: A221
2026-02-03 14:57:30 INFO  Shipment load event sent for orderId: A222
2026-02-03 14:57:30 INFO  Shipment load event sent for orderId: A223
2026-02-03 14:57:30 INFO  Shipment load event sent for orderId: A224
2026-02-03 14:57:30 INFO  Shipment load event sent for orderId: A225
2026-02-03 14:57:30 INFO  Shipment load event sent for orderId: A226
2026-02-03 14:57:30 INFO  Shipment load event sent for orderId: A227
2026-02-03 14:57:30 INFO  Shipment load event sent for orderId: A228
2026-02-03 14:57:30 INFO  Shipment load event sent for orderId: A229
2026-02-03 14:57:30 INFO  Shipment load event sent for orderId: A230
2026-02-03 14:57:30 INFO  Shipment load event sent for orderId: A231
2026-02-03 14:57:30 INFO  Shipment load event sent for orderId: A232
2026-02-03 14:57:30 INFO  Shipment load event sent for orderId: A233
2026-02-03 14:57:30 INFO  Shipment load event sent for orderId: A234
2026-02-03 14:57:30 INFO  Shipment load event sent for orderId: A235
2026-02-03 14:57:30 INFO  Shipment load event sent for orderId: A236
2026-02-03 14:57:30 INFO  [ORDER_STATUS_UPDATE] orderId=A193 step=SUCCESS
2026-02-03 14:57:30 INFO  [ORDER_STATUS_UPDATE] orderId=A194 step=SUCCESS
2026-02-03 14:57:30 INFO  [ORDER_STATUS_UPDATE] orderId=A195 step=SUCCESS
2026-02-03 14:57:30 INFO  [ORDER_STATUS_UPDATE] orderId=A196 step=SUCCESS
2026-02-03 14:57:30 INFO  [ORDER_STATUS_UPDATE] orderId=A197 step=SUCCESS
2026-02-03 14:57:30 INFO  [ORDER_STATUS_UPDATE] orderId=A198 step=SUCCESS
2026-02-03 14:57:30 INFO  [ORDER_STATUS_UPDATE] orderId=A199 step=SUCCESS
2026-02-03 14:57:30 INFO  [ORDER_STATUS_UPDATE] orderId=A200 step=SUCCESS
2026-02-03 14:57:30 INFO  [ORDER_STATUS_UPDATE] orderId=A201 step=SUCCESS
2026-02-03 14:57:30 INFO  [ORDER_STATUS_UPDATE] orderId=A202 step=SUCCESS
2026-02-03 14:57:30 INFO  [ORDER_STATUS_UPDATE] orderId=A203 step=SUCCESS
2026-02-03 14:57:30 INFO  [ORDER_STATUS_UPDATE] orderId=A204 step=SUCCESS
2026-02-03 14:57:30 INFO  [ORDER_STATUS_UPDATE] orderId=A205 step=SUCCESS
2026-02-03 14:57:30 INFO  [ORDER_STATUS_UPDATE] orderId=A206 step=SUCCESS
2026-02-03 14:57:30 INFO  [ORDER_STATUS_UPDATE] orderId=A207 step=SUCCESS
2026-02-03 14:57:30 INFO  [ORDER_STATUS_UPDATE] orderId=A208 step=SUCCESS
2026-02-03 14:57:30 INFO  [ORDER_STATUS_UPDATE] orderId=A209 step=SUCCESS
2026-02-03 14:57:30 INFO  [ORDER_STATUS_UPDATE] orderId=A210 step=SUCCESS
2026-02-03 14:57:30 INFO  [ORDER_STATUS_UPDATE] orderId=A211 step=SUCCESS
2026-02-03 14:57:30 INFO  [ORDER_STATUS_UPDATE] orderId=A212 step=SUCCESS
2026-02-03 14:57:30 INFO  [ORDER_STATUS_UPDATE] orderId=A213 step=SUCCESS
2026-02-03 14:57:30 INFO  [ORDER_STATUS_UPDATE] orderId=A214 step=SUCCESS
2026-02-03 14:57:30 INFO  [ORDER_STATUS_UPDATE] orderId=A215 step=SUCCESS
2026-02-03 14:57:30 INFO  [ORDER_STATUS_UPDATE] orderId=A216 step=SUCCESS
2026-02-03 14:57:30 INFO  [ORDER_STATUS_UPDATE] orderId=A217 step=SUCCESS
2026-02-03 14:57:30 INFO  [ORDER_STATUS_UPDATE] orderId=A218 step=SUCCESS
2026-02-03 14:57:30 INFO  [ORDER_STATUS_UPDATE] orderId=A219 step=SUCCESS
2026-02-03 14:57:30 INFO  [ORDER_STATUS_UPDATE] orderId=A220 step=SUCCESS
2026-02-03 14:57:30 INFO  [ORDER_STATUS_UPDATE] orderId=A221 step=SUCCESS
2026-02-03 14:57:30 INFO  [ORDER_STATUS_UPDATE] orderId=A222 step=SUCCESS
2026-02-03 14:57:30 INFO  [ORDER_STATUS_UPDATE] orderId=A223 step=SUCCESS
2026-02-03 14:57:30 INFO  [ORDER_STATUS_UPDATE] orderId=A224 step=SUCCESS
2026-02-03 14:57:30 INFO  [ORDER_STATUS_UPDATE] orderId=A225 step=SUCCESS
2026-02-03 14:57:30 INFO  [ORDER_STATUS_UPDATE] orderId=A226 step=SUCCESS
2026-02-03 14:57:30 INFO  [ORDER_STATUS_UPDATE] orderId=A227 step=SUCCESS
2026-02-03 14:57:30 INFO  [ORDER_STATUS_UPDATE] orderId=A228 step=SUCCESS
2026-02-03 14:57:30 INFO  [ORDER_STATUS_UPDATE] orderId=A229 step=SUCCESS
2026-02-03 14:57:30 INFO  [ORDER_STATUS_UPDATE] orderId=A230 step=SUCCESS
2026-02-03 14:57:30 INFO  [ORDER_STATUS_UPDATE] orderId=A231 step=SUCCESS
2026-02-03 14:57:30 INFO  [ORDER_STATUS_UPDATE] orderId=A232 step=SUCCESS
2026-02-03 14:57:30 INFO  [ORDER_STATUS_UPDATE] orderId=A233 step=SUCCESS
2026-02-03 14:57:30 INFO  [ORDER_STATUS_UPDATE] orderId=A234 step=SUCCESS
2026-02-03 14:57:30 INFO  [ORDER_STATUS_UPDATE] orderId=A235 step=SUCCESS
2026-02-03 14:57:30 INFO  [ORDER_STATUS_UPDATE] orderId=A236 step=SUCCESS
2026-02-03 14:58:19 INFO  [ORDER_SAVE] orderId=A237 step=SUCCESS
2026-02-03 14:58:19 INFO  [ORDER_RECEIPT_SEND] orderId=A237 step=SUCCESS
2026-02-03 14:58:19 INFO  [ORDER_SAVE] orderId=A238 step=SUCCESS
2026-02-03 14:58:20 INFO  [ORDER_RECEIPT_SEND] orderId=A238 step=SUCCESS
2026-02-03 14:58:20 INFO  [ORDER_SAVE] orderId=A239 step=SUCCESS
2026-02-03 14:58:20 INFO  [ORDER_RECEIPT_SEND] orderId=A239 step=SUCCESS
2026-02-03 14:58:20 INFO  [ORDER_SAVE] orderId=A240 step=SUCCESS
2026-02-03 14:58:21 INFO  [ORDER_RECEIPT_SEND] orderId=A240 step=SUCCESS
2026-02-03 14:58:21 INFO  [ORDER_SAVE] orderId=A241 step=SUCCESS
2026-02-03 14:58:21 INFO  [ORDER_RECEIPT_SEND] orderId=A241 step=SUCCESS
2026-02-03 14:58:21 ERROR [ORDER_SAVE] step=VALIDATION_FAIL userId=USER25 reason=HEADER_NOT_FOUND
2026-02-03 14:58:21 ERROR [ORDER_SAVE] step=VALIDATION_FAIL userId=USER22 reason=HEADER_NOT_FOUND
2026-02-03 14:58:21 INFO  [ORDER_SAVE] orderId=A242 step=SUCCESS
2026-02-03 14:58:22 INFO  [ORDER_RECEIPT_SEND] orderId=A242 step=SUCCESS
2026-02-03 14:58:22 INFO  [ORDER_SAVE] orderId=A243 step=SUCCESS
2026-02-03 14:58:22 INFO  [ORDER_RECEIPT_SEND] orderId=A243 step=SUCCESS
2026-02-03 14:58:22 INFO  [ORDER_SAVE] orderId=A244 step=SUCCESS
2026-02-03 14:58:22 INFO  [ORDER_RECEIPT_SEND] orderId=A244 step=SUCCESS
2026-02-03 14:58:22 INFO  [ORDER_SAVE] orderId=A245 step=SUCCESS
2026-02-03 14:58:23 INFO  [ORDER_RECEIPT_SEND] orderId=A245 step=SUCCESS
2026-02-03 14:58:23 INFO  [ORDER_SAVE] orderId=A246 step=SUCCESS
2026-02-03 14:58:23 INFO  [ORDER_RECEIPT_SEND] orderId=A246 step=SUCCESS
2026-02-03 14:58:23 INFO  [ORDER_SAVE] orderId=A247 step=SUCCESS
2026-02-03 14:58:24 INFO  [ORDER_RECEIPT_SEND] orderId=A247 step=SUCCESS
2026-02-03 14:58:24 INFO  [ORDER_SAVE] orderId=A248 step=SUCCESS
2026-02-03 14:58:24 INFO  [ORDER_RECEIPT_SEND] orderId=A248 step=SUCCESS
2026-02-03 14:58:24 ERROR [ORDER_SAVE] step=VALIDATION_FAIL userId=USER26 reason=HEADER_NOT_FOUND
2026-02-03 14:58:24 INFO  [ORDER_SAVE] orderId=A249 step=SUCCESS
2026-02-03 14:58:25 INFO  [ORDER_RECEIPT_SEND] orderId=A249 step=SUCCESS
2026-02-03 14:58:25 INFO  [ORDER_SAVE] orderId=A250 step=SUCCESS
2026-02-03 14:58:25 INFO  [ORDER_RECEIPT_SEND] orderId=A250 step=SUCCESS
2026-02-03 14:58:25 INFO  [ORDER_SAVE] orderId=A251 step=SUCCESS
2026-02-03 14:58:25 INFO  [ORDER_RECEIPT_SEND] orderId=A251 step=SUCCESS
2026-02-03 14:58:25 INFO  [ORDER_SAVE] orderId=A252 step=SUCCESS
2026-02-03 14:58:26 INFO  [ORDER_RECEIPT_SEND] orderId=A252 step=SUCCESS
2026-02-03 14:58:26 INFO  [ORDER_SAVE] orderId=A253 step=SUCCESS
2026-02-03 14:58:26 INFO  [ORDER_RECEIPT_SEND] orderId=A253 step=SUCCESS
2026-02-03 14:58:26 INFO  [ORDER_SAVE] orderId=A254 step=SUCCESS
2026-02-03 14:58:27 INFO  [ORDER_RECEIPT_SEND] orderId=A254 step=SUCCESS
2026-02-03 14:58:27 ERROR [ORDER_SAVE] step=VALIDATION_FAIL userId=USER21 reason=HEADER_NOT_FOUND
2026-02-03 14:58:27 ERROR [ORDER_SAVE] step=VALIDATION_FAIL userId=USER24 reason=HEADER_NOT_FOUND
2026-02-03 14:58:27 INFO  [ORDER_SAVE] orderId=A255 step=SUCCESS
2026-02-03 14:58:27 INFO  [ORDER_RECEIPT_SEND] orderId=A255 step=SUCCESS
2026-02-03 14:58:27 INFO  [ORDER_SAVE] orderId=A256 step=SUCCESS
2026-02-03 14:58:28 INFO  [ORDER_RECEIPT_SEND] orderId=A256 step=SUCCESS
2026-02-03 14:58:28 INFO  [ORDER_SAVE] orderId=A257 step=SUCCESS
2026-02-03 14:58:28 INFO  [ORDER_RECEIPT_SEND] orderId=A257 step=SUCCESS
2026-02-03 14:58:28 INFO  [ORDER_SAVE] orderId=A258 step=SUCCESS
2026-02-03 14:58:29 INFO  [ORDER_RECEIPT_SEND] orderId=A258 step=SUCCESS
2026-02-03 14:58:29 INFO  [ORDER_SAVE] orderId=A259 step=SUCCESS
2026-02-03 14:58:29 INFO  [ORDER_RECEIPT_SEND] orderId=A259 step=SUCCESS
2026-02-03 14:58:29 INFO  [ORDER_SAVE] orderId=A260 step=SUCCESS
2026-02-03 14:58:29 INFO  [ORDER_RECEIPT_SEND] orderId=A260 step=SUCCESS
2026-02-03 14:58:29 INFO  [ORDER_SAVE] orderId=A261 step=SUCCESS
2026-02-03 14:58:30 INFO  [ORDER_RECEIPT_SEND] orderId=A261 step=SUCCESS
2026-02-03 14:58:30 INFO  [ORDER_SAVE] orderId=A262 step=SUCCESS
2026-02-03 14:58:30 INFO  [ORDER_RECEIPT_SEND] orderId=A262 step=SUCCESS
2026-02-03 14:58:30 INFO  [ORDER_SAVE] orderId=A263 step=SUCCESS
2026-02-03 14:58:31 INFO  [ORDER_RECEIPT_SEND] orderId=A263 step=SUCCESS
2026-02-03 14:58:31 ERROR [ORDER_SAVE] step=VALIDATION_FAIL userId=USER23 reason=HEADER_NOT_FOUND
2026-02-03 14:58:31 INFO  [ORDER_SAVE] orderId=A264 step=SUCCESS
2026-02-03 14:58:31 INFO  [ORDER_RECEIPT_SEND] orderId=A264 step=SUCCESS
2026-02-03 14:58:31 INFO  [ORDER_SAVE] orderId=A265 step=SUCCESS
2026-02-03 14:58:32 INFO  [ORDER_RECEIPT_SEND] orderId=A265 step=SUCCESS
2026-02-03 14:58:32 INFO  [ORDER_SAVE] orderId=A266 step=SUCCESS
2026-02-03 14:58:32 INFO  [ORDER_RECEIPT_SEND] orderId=A266 step=SUCCESS
2026-02-03 14:58:32 INFO  [ORDER_SAVE] orderId=A267 step=SUCCESS
2026-02-03 14:58:33 INFO  [ORDER_RECEIPT_SEND] orderId=A267 step=SUCCESS
2026-02-03 14:58:33 INFO  [ORDER_SAVE] orderId=A268 step=SUCCESS
2026-02-03 14:58:33 INFO  [ORDER_RECEIPT_SEND] orderId=A268 step=SUCCESS
2026-02-03 14:58:33 INFO  [ORDER_SAVE] orderId=A269 step=SUCCESS
2026-02-03 14:58:33 INFO  [ORDER_RECEIPT_SEND] orderId=A269 step=SUCCESS
2026-02-03 14:58:33 INFO  [ORDER_SAVE] orderId=A270 step=SUCCESS
2026-02-03 14:58:34 INFO  [ORDER_RECEIPT_SEND] orderId=A270 step=SUCCESS
2026-02-03 14:58:34 INFO  [ORDER_SAVE] orderId=A271 step=SUCCESS
2026-02-03 14:58:34 INFO  [ORDER_RECEIPT_SEND] orderId=A271 step=SUCCESS
2026-02-03 14:58:34 INFO  [ORDER_SAVE] orderId=A272 step=SUCCESS
2026-02-03 14:58:35 INFO  [ORDER_RECEIPT_SEND] orderId=A272 step=SUCCESS
2026-02-03 14:58:35 INFO  [ORDER_SAVE] orderId=A273 step=SUCCESS
2026-02-03 14:58:35 INFO  [ORDER_RECEIPT_SEND] orderId=A273 step=SUCCESS
2026-02-03 14:58:35 INFO  [ORDER_SAVE] orderId=A274 step=SUCCESS
2026-02-03 14:58:36 INFO  [ORDER_RECEIPT_SEND] orderId=A274 step=SUCCESS
2026-02-03 14:58:36 INFO  [ORDER_SAVE] orderId=A275 step=SUCCESS
2026-02-03 14:58:36 INFO  [ORDER_RECEIPT_SEND] orderId=A275 step=SUCCESS
2026-02-03 14:58:36 INFO  [ORDER_SAVE] orderId=A276 step=SUCCESS
2026-02-03 14:58:36 INFO  [ORDER_RECEIPT_SEND] orderId=A276 step=SUCCESS
2026-02-03 14:58:36 INFO  [ORDER_SAVE] orderId=A277 step=SUCCESS
2026-02-03 14:58:37 INFO  [ORDER_RECEIPT_SEND] orderId=A277 step=SUCCESS
2026-02-03 14:58:37 INFO  [ORDER_SAVE] orderId=A278 step=SUCCESS
2026-02-03 14:58:37 INFO  [ORDER_RECEIPT_SEND] orderId=A278 step=SUCCESS
2026-02-03 14:58:37 INFO  [ORDER_SAVE] orderId=A279 step=SUCCESS
2026-02-03 14:58:38 INFO  [ORDER_RECEIPT_SEND] orderId=A279 step=SUCCESS
2026-02-03 14:58:38 INFO  [ORDER_SAVE] orderId=A280 step=SUCCESS
2026-02-03 14:58:38 INFO  [ORDER_RECEIPT_SEND] orderId=A280 step=SUCCESS
2026-02-03 14:58:40 INFO  [SHIPMENT_BATCH] step=SEND_SUCCESS orderId=A237 topic=shipment.batch partition=0 offset=2870
2026-02-03 14:58:40 INFO  [SHIPMENT_BATCH] step=SEND_SUCCESS orderId=A238 topic=shipment.batch partition=0 offset=2871
2026-02-03 14:58:40 INFO  [SHIPMENT_BATCH] step=SEND_SUCCESS orderId=A239 topic=shipment.batch partition=0 offset=2872
2026-02-03 14:58:40 INFO  [SHIPMENT_BATCH] step=SEND_SUCCESS orderId=A240 topic=shipment.batch partition=0 offset=2873
2026-02-03 14:58:40 INFO  [SHIPMENT_BATCH] step=SEND_SUCCESS orderId=A241 topic=shipment.batch partition=0 offset=2874
2026-02-03 14:58:40 INFO  [SHIPMENT_BATCH] step=SEND_SUCCESS orderId=A242 topic=shipment.batch partition=0 offset=2875
2026-02-03 14:58:40 INFO  [SHIPMENT_BATCH] step=SEND_SUCCESS orderId=A243 topic=shipment.batch partition=0 offset=2876
2026-02-03 14:58:40 INFO  [SHIPMENT_BATCH] step=SEND_SUCCESS orderId=A244 topic=shipment.batch partition=0 offset=2877
2026-02-03 14:58:40 INFO  [SHIPMENT_BATCH] step=SEND_SUCCESS orderId=A245 topic=shipment.batch partition=0 offset=2878
2026-02-03 14:58:40 INFO  [SHIPMENT_BATCH] step=SEND_SUCCESS orderId=A246 topic=shipment.batch partition=0 offset=2879
2026-02-03 14:58:40 INFO  [SHIPMENT_BATCH] step=SEND_SUCCESS orderId=A247 topic=shipment.batch partition=0 offset=2880
2026-02-03 14:58:40 INFO  [SHIPMENT_BATCH] step=SEND_SUCCESS orderId=A248 topic=shipment.batch partition=0 offset=2881
2026-02-03 14:58:40 INFO  [SHIPMENT_BATCH] step=SEND_SUCCESS orderId=A249 topic=shipment.batch partition=0 offset=2882
2026-02-03 14:58:40 INFO  [SHIPMENT_BATCH] step=SEND_SUCCESS orderId=A250 topic=shipment.batch partition=0 offset=2883
2026-02-03 14:58:40 INFO  [SHIPMENT_BATCH] step=SEND_SUCCESS orderId=A251 topic=shipment.batch partition=0 offset=2884
2026-02-03 14:58:40 INFO  [SHIPMENT_BATCH] step=SEND_SUCCESS orderId=A252 topic=shipment.batch partition=0 offset=2885
2026-02-03 14:58:40 INFO  [SHIPMENT_BATCH] step=SEND_SUCCESS orderId=A253 topic=shipment.batch partition=0 offset=2886
2026-02-03 14:58:40 INFO  [SHIPMENT_BATCH] step=SEND_SUCCESS orderId=A254 topic=shipment.batch partition=0 offset=2887
2026-02-03 14:58:40 INFO  [SHIPMENT_BATCH] step=SEND_SUCCESS orderId=A255 topic=shipment.batch partition=0 offset=2888
2026-02-03 14:58:40 INFO  [SHIPMENT_BATCH] step=SEND_SUCCESS orderId=A256 topic=shipment.batch partition=0 offset=2889
2026-02-03 14:58:40 INFO  [SHIPMENT_BATCH] step=SEND_SUCCESS orderId=A257 topic=shipment.batch partition=0 offset=2890
2026-02-03 14:58:40 INFO  [SHIPMENT_BATCH] step=SEND_SUCCESS orderId=A258 topic=shipment.batch partition=0 offset=2891
2026-02-03 14:58:40 INFO  [SHIPMENT_BATCH] step=SEND_SUCCESS orderId=A259 topic=shipment.batch partition=0 offset=2892
2026-02-03 14:58:40 INFO  [SHIPMENT_BATCH] step=SEND_SUCCESS orderId=A260 topic=shipment.batch partition=0 offset=2893
2026-02-03 14:58:40 INFO  [SHIPMENT_BATCH] step=SEND_SUCCESS orderId=A261 topic=shipment.batch partition=0 offset=2894
2026-02-03 14:58:40 INFO  [SHIPMENT_BATCH] step=SEND_SUCCESS orderId=A262 topic=shipment.batch partition=0 offset=2895
2026-02-03 14:58:40 INFO  [SHIPMENT_BATCH] step=SEND_SUCCESS orderId=A263 topic=shipment.batch partition=0 offset=2896
2026-02-03 14:58:40 INFO  [SHIPMENT_BATCH] step=SEND_SUCCESS orderId=A264 topic=shipment.batch partition=0 offset=2897
2026-02-03 14:58:40 INFO  [SHIPMENT_BATCH] step=SEND_SUCCESS orderId=A265 topic=shipment.batch partition=0 offset=2898
2026-02-03 14:58:40 INFO  [SHIPMENT_BATCH] step=SEND_SUCCESS orderId=A266 topic=shipment.batch partition=0 offset=2899
2026-02-03 14:58:40 INFO  [SHIPMENT_BATCH] step=SEND_SUCCESS orderId=A267 topic=shipment.batch partition=0 offset=2900
2026-02-03 14:58:40 INFO  [SHIPMENT_BATCH] step=SEND_SUCCESS orderId=A268 topic=shipment.batch partition=0 offset=2901
2026-02-03 14:58:40 INFO  [SHIPMENT_BATCH] step=SEND_SUCCESS orderId=A269 topic=shipment.batch partition=0 offset=2902
2026-02-03 14:58:40 INFO  [SHIPMENT_BATCH] step=SEND_SUCCESS orderId=A270 topic=shipment.batch partition=0 offset=2903
2026-02-03 14:58:40 INFO  [SHIPMENT_BATCH] step=SEND_SUCCESS orderId=A271 topic=shipment.batch partition=0 offset=2904
2026-02-03 14:58:40 INFO  [SHIPMENT_BATCH] step=SEND_SUCCESS orderId=A272 topic=shipment.batch partition=0 offset=2905
2026-02-03 14:58:40 INFO  [SHIPMENT_BATCH] step=SEND_SUCCESS orderId=A273 topic=shipment.batch partition=0 offset=2906
2026-02-03 14:58:40 INFO  [SHIPMENT_BATCH] step=SEND_SUCCESS orderId=A274 topic=shipment.batch partition=0 offset=2907
2026-02-03 14:58:40 INFO  [SHIPMENT_BATCH] step=SEND_SUCCESS orderId=A275 topic=shipment.batch partition=0 offset=2908
2026-02-03 14:58:40 INFO  [SHIPMENT_BATCH] step=SEND_SUCCESS orderId=A276 topic=shipment.batch partition=0 offset=2909
2026-02-03 14:58:40 INFO  [SHIPMENT_BATCH] step=SEND_SUCCESS orderId=A277 topic=shipment.batch partition=0 offset=2910
2026-02-03 14:58:40 INFO  [SHIPMENT_BATCH] step=SEND_SUCCESS orderId=A278 topic=shipment.batch partition=0 offset=2911
2026-02-03 14:58:40 INFO  [SHIPMENT_BATCH] step=SEND_SUCCESS orderId=A279 topic=shipment.batch partition=0 offset=2912
2026-02-03 14:58:40 INFO  [SHIPMENT_BATCH] step=SEND_SUCCESS orderId=A280 topic=shipment.batch partition=0 offset=2913
2026-02-03 14:58:40 INFO  [ORDER_STATUS_UPDATE] orderId=A237 step=SUCCESS
2026-02-03 14:58:40 INFO  [ORDER_STATUS_UPDATE] orderId=A238 step=SUCCESS
2026-02-03 14:58:40 INFO  [ORDER_STATUS_UPDATE] orderId=A239 step=SUCCESS
2026-02-03 14:58:40 INFO  [ORDER_STATUS_UPDATE] orderId=A240 step=SUCCESS
2026-02-03 14:58:40 INFO  [ORDER_STATUS_UPDATE] orderId=A241 step=SUCCESS
2026-02-03 14:58:40 INFO  [ORDER_STATUS_UPDATE] orderId=A242 step=SUCCESS
2026-02-03 14:58:40 INFO  [ORDER_STATUS_UPDATE] orderId=A243 step=SUCCESS
2026-02-03 14:58:40 INFO  [ORDER_STATUS_UPDATE] orderId=A244 step=SUCCESS
2026-02-03 14:58:40 INFO  [ORDER_STATUS_UPDATE] orderId=A245 step=SUCCESS
2026-02-03 14:58:40 INFO  [ORDER_STATUS_UPDATE] orderId=A246 step=SUCCESS
2026-02-03 14:58:40 INFO  [ORDER_STATUS_UPDATE] orderId=A247 step=SUCCESS
2026-02-03 14:58:40 INFO  [ORDER_STATUS_UPDATE] orderId=A248 step=SUCCESS
2026-02-03 14:58:40 INFO  [ORDER_STATUS_UPDATE] orderId=A249 step=SUCCESS
2026-02-03 14:58:40 INFO  [ORDER_STATUS_UPDATE] orderId=A250 step=SUCCESS
2026-02-03 14:58:40 INFO  [ORDER_STATUS_UPDATE] orderId=A251 step=SUCCESS
2026-02-03 14:58:40 INFO  [ORDER_STATUS_UPDATE] orderId=A252 step=SUCCESS
2026-02-03 14:58:40 INFO  [ORDER_STATUS_UPDATE] orderId=A253 step=SUCCESS
2026-02-03 14:58:40 INFO  [ORDER_STATUS_UPDATE] orderId=A254 step=SUCCESS
2026-02-03 14:58:40 INFO  [ORDER_STATUS_UPDATE] orderId=A255 step=SUCCESS
2026-02-03 14:58:40 INFO  [ORDER_STATUS_UPDATE] orderId=A256 step=SUCCESS
2026-02-03 14:58:40 INFO  [ORDER_STATUS_UPDATE] orderId=A257 step=SUCCESS
2026-02-03 14:58:40 INFO  [ORDER_STATUS_UPDATE] orderId=A258 step=SUCCESS
2026-02-03 14:58:40 INFO  [ORDER_STATUS_UPDATE] orderId=A259 step=SUCCESS
2026-02-03 14:58:40 INFO  [ORDER_STATUS_UPDATE] orderId=A260 step=SUCCESS
2026-02-03 14:58:40 INFO  [ORDER_STATUS_UPDATE] orderId=A261 step=SUCCESS
2026-02-03 14:58:40 INFO  [ORDER_STATUS_UPDATE] orderId=A262 step=SUCCESS
2026-02-03 14:58:40 INFO  [ORDER_STATUS_UPDATE] orderId=A263 step=SUCCESS
2026-02-03 14:58:40 INFO  [ORDER_STATUS_UPDATE] orderId=A264 step=SUCCESS
2026-02-03 14:58:40 INFO  [ORDER_STATUS_UPDATE] orderId=A265 step=SUCCESS
2026-02-03 14:58:40 INFO  [ORDER_STATUS_UPDATE] orderId=A266 step=SUCCESS
2026-02-03 14:58:40 INFO  [ORDER_STATUS_UPDATE] orderId=A267 step=SUCCESS
2026-02-03 14:58:40 INFO  [ORDER_STATUS_UPDATE] orderId=A268 step=SUCCESS
2026-02-03 14:58:40 INFO  [ORDER_STATUS_UPDATE] orderId=A269 step=SUCCESS
2026-02-03 14:58:40 INFO  [ORDER_STATUS_UPDATE] orderId=A270 step=SUCCESS
2026-02-03 14:58:40 INFO  [ORDER_STATUS_UPDATE] orderId=A271 step=SUCCESS
2026-02-03 14:58:40 INFO  [ORDER_STATUS_UPDATE] orderId=A272 step=SUCCESS
2026-02-03 14:58:40 INFO  [ORDER_STATUS_UPDATE] orderId=A273 step=SUCCESS
2026-02-03 14:58:40 INFO  [ORDER_STATUS_UPDATE] orderId=A274 step=SUCCESS
2026-02-03 14:58:40 INFO  [ORDER_STATUS_UPDATE] orderId=A275 step=SUCCESS
2026-02-03 14:58:40 INFO  [ORDER_STATUS_UPDATE] orderId=A276 step=SUCCESS
2026-02-03 14:58:40 INFO  [ORDER_STATUS_UPDATE] orderId=A277 step=SUCCESS
2026-02-03 14:58:40 INFO  [ORDER_STATUS_UPDATE] orderId=A278 step=SUCCESS
2026-02-03 14:58:40 INFO  [ORDER_STATUS_UPDATE] orderId=A279 step=SUCCESS
2026-02-03 14:58:40 INFO  [ORDER_STATUS_UPDATE] orderId=A280 step=SUCCESS
